[2020-04-30 15:06:30] production.ERROR: file_get_contents(/mnt/c/Users/narin/Documents/parallel-project/laravel/.env): failed to open stream: No such file or directory {"exception":"[object] (ErrorException(code: 0): file_get_contents(/mnt/c/Users/narin/Documents/parallel-project/laravel/.env): failed to open stream: No such file or directory at /mnt/c/Users/narin/Documents/parallel-project/laravel/vendor/laravel/framework/src/Illuminate/Foundation/Console/KeyGenerateCommand.php:96)
[stacktrace]
#0 [internal function]: Illuminate\\Foundation\\Bootstrap\\HandleExceptions->handleError()
#1 /mnt/c/Users/narin/Documents/parallel-project/laravel/vendor/laravel/framework/src/Illuminate/Foundation/Console/KeyGenerateCommand.php(96): file_get_contents()
#2 /mnt/c/Users/narin/Documents/parallel-project/laravel/vendor/laravel/framework/src/Illuminate/Foundation/Console/KeyGenerateCommand.php(80): Illuminate\\Foundation\\Console\\KeyGenerateCommand->writeNewEnvironmentFileWith()
#3 /mnt/c/Users/narin/Documents/parallel-project/laravel/vendor/laravel/framework/src/Illuminate/Foundation/Console/KeyGenerateCommand.php(45): Illuminate\\Foundation\\Console\\KeyGenerateCommand->setKeyInEnvironmentFile()
#4 [internal function]: Illuminate\\Foundation\\Console\\KeyGenerateCommand->handle()
#5 /mnt/c/Users/narin/Documents/parallel-project/laravel/vendor/laravel/framework/src/Illuminate/Container/BoundMethod.php(32): call_user_func_array()
#6 /mnt/c/Users/narin/Documents/parallel-project/laravel/vendor/laravel/framework/src/Illuminate/Container/BoundMethod.php(90): Illuminate\\Container\\BoundMethod::Illuminate\\Container\\{closure}()
#7 /mnt/c/Users/narin/Documents/parallel-project/laravel/vendor/laravel/framework/src/Illuminate/Container/BoundMethod.php(34): Illuminate\\Container\\BoundMethod::callBoundMethod()
#8 /mnt/c/Users/narin/Documents/parallel-project/laravel/vendor/laravel/framework/src/Illuminate/Container/Container.php(576): Illuminate\\Container\\BoundMethod::call()
#9 /mnt/c/Users/narin/Documents/parallel-project/laravel/vendor/laravel/framework/src/Illuminate/Console/Command.php(183): Illuminate\\Container\\Container->call()
#10 /mnt/c/Users/narin/Documents/parallel-project/laravel/vendor/symfony/console/Command/Command.php(255): Illuminate\\Console\\Command->execute()
#11 /mnt/c/Users/narin/Documents/parallel-project/laravel/vendor/laravel/framework/src/Illuminate/Console/Command.php(170): Symfony\\Component\\Console\\Command\\Command->run()
#12 /mnt/c/Users/narin/Documents/parallel-project/laravel/vendor/symfony/console/Application.php(1001): Illuminate\\Console\\Command->run()
#13 /mnt/c/Users/narin/Documents/parallel-project/laravel/vendor/symfony/console/Application.php(271): Symfony\\Component\\Console\\Application->doRunCommand()
#14 /mnt/c/Users/narin/Documents/parallel-project/laravel/vendor/symfony/console/Application.php(147): Symfony\\Component\\Console\\Application->doRun()
#15 /mnt/c/Users/narin/Documents/parallel-project/laravel/vendor/laravel/framework/src/Illuminate/Console/Application.php(90): Symfony\\Component\\Console\\Application->run()
#16 /mnt/c/Users/narin/Documents/parallel-project/laravel/vendor/laravel/framework/src/Illuminate/Foundation/Console/Kernel.php(133): Illuminate\\Console\\Application->run()
#17 /mnt/c/Users/narin/Documents/parallel-project/laravel/artisan(37): Illuminate\\Foundation\\Console\\Kernel->handle()
#18 {main}
"} 
[2020-04-30 15:10:18] local.ERROR: Class App\Http\Controllers\ChatController does not exist {"exception":"[object] (ReflectionException(code: -1): Class App\\Http\\Controllers\\ChatController does not exist at /mnt/c/Users/narin/Documents/parallel-project/laravel/vendor/laravel/framework/src/Illuminate/Container/Container.php:788)
[stacktrace]
#0 /mnt/c/Users/narin/Documents/parallel-project/laravel/vendor/laravel/framework/src/Illuminate/Container/Container.php(788): ReflectionClass->__construct()
#1 /mnt/c/Users/narin/Documents/parallel-project/laravel/vendor/laravel/framework/src/Illuminate/Container/Container.php(667): Illuminate\\Container\\Container->build()
#2 /mnt/c/Users/narin/Documents/parallel-project/laravel/vendor/laravel/framework/src/Illuminate/Container/Container.php(615): Illuminate\\Container\\Container->resolve()
#3 /mnt/c/Users/narin/Documents/parallel-project/laravel/vendor/laravel/framework/src/Illuminate/Foundation/Application.php(767): Illuminate\\Container\\Container->make()
#4 /mnt/c/Users/narin/Documents/parallel-project/laravel/vendor/laravel/framework/src/Illuminate/Routing/Route.php(233): Illuminate\\Foundation\\Application->make()
#5 /mnt/c/Users/narin/Documents/parallel-project/laravel/vendor/laravel/framework/src/Illuminate/Routing/Route.php(833): Illuminate\\Routing\\Route->getController()
#6 /mnt/c/Users/narin/Documents/parallel-project/laravel/vendor/laravel/framework/src/Illuminate/Routing/Route.php(794): Illuminate\\Routing\\Route->controllerMiddleware()
#7 /mnt/c/Users/narin/Documents/parallel-project/laravel/vendor/laravel/framework/src/Illuminate/Foundation/Console/RouteListCommand.php(173): Illuminate\\Routing\\Route->gatherMiddleware()
#8 /mnt/c/Users/narin/Documents/parallel-project/laravel/vendor/laravel/framework/src/Illuminate/Foundation/Console/RouteListCommand.php(117): Illuminate\\Foundation\\Console\\RouteListCommand->getMiddleware()
#9 /mnt/c/Users/narin/Documents/parallel-project/laravel/vendor/laravel/framework/src/Illuminate/Foundation/Console/RouteListCommand.php(89): Illuminate\\Foundation\\Console\\RouteListCommand->getRouteInformation()
#10 [internal function]: Illuminate\\Foundation\\Console\\RouteListCommand->Illuminate\\Foundation\\Console\\{closure}()
#11 /mnt/c/Users/narin/Documents/parallel-project/laravel/vendor/laravel/framework/src/Illuminate/Support/Collection.php(1120): array_map()
#12 /mnt/c/Users/narin/Documents/parallel-project/laravel/vendor/laravel/framework/src/Illuminate/Foundation/Console/RouteListCommand.php(90): Illuminate\\Support\\Collection->map()
#13 /mnt/c/Users/narin/Documents/parallel-project/laravel/vendor/laravel/framework/src/Illuminate/Foundation/Console/RouteListCommand.php(74): Illuminate\\Foundation\\Console\\RouteListCommand->getRoutes()
#14 [internal function]: Illuminate\\Foundation\\Console\\RouteListCommand->handle()
#15 /mnt/c/Users/narin/Documents/parallel-project/laravel/vendor/laravel/framework/src/Illuminate/Container/BoundMethod.php(32): call_user_func_array()
#16 /mnt/c/Users/narin/Documents/parallel-project/laravel/vendor/laravel/framework/src/Illuminate/Container/BoundMethod.php(90): Illuminate\\Container\\BoundMethod::Illuminate\\Container\\{closure}()
#17 /mnt/c/Users/narin/Documents/parallel-project/laravel/vendor/laravel/framework/src/Illuminate/Container/BoundMethod.php(34): Illuminate\\Container\\BoundMethod::callBoundMethod()
#18 /mnt/c/Users/narin/Documents/parallel-project/laravel/vendor/laravel/framework/src/Illuminate/Container/Container.php(576): Illuminate\\Container\\BoundMethod::call()
#19 /mnt/c/Users/narin/Documents/parallel-project/laravel/vendor/laravel/framework/src/Illuminate/Console/Command.php(183): Illuminate\\Container\\Container->call()
#20 /mnt/c/Users/narin/Documents/parallel-project/laravel/vendor/symfony/console/Command/Command.php(255): Illuminate\\Console\\Command->execute()
#21 /mnt/c/Users/narin/Documents/parallel-project/laravel/vendor/laravel/framework/src/Illuminate/Console/Command.php(170): Symfony\\Component\\Console\\Command\\Command->run()
#22 /mnt/c/Users/narin/Documents/parallel-project/laravel/vendor/symfony/console/Application.php(1001): Illuminate\\Console\\Command->run()
#23 /mnt/c/Users/narin/Documents/parallel-project/laravel/vendor/symfony/console/Application.php(271): Symfony\\Component\\Console\\Application->doRunCommand()
#24 /mnt/c/Users/narin/Documents/parallel-project/laravel/vendor/symfony/console/Application.php(147): Symfony\\Component\\Console\\Application->doRun()
#25 /mnt/c/Users/narin/Documents/parallel-project/laravel/vendor/laravel/framework/src/Illuminate/Console/Application.php(90): Symfony\\Component\\Console\\Application->run()
#26 /mnt/c/Users/narin/Documents/parallel-project/laravel/vendor/laravel/framework/src/Illuminate/Foundation/Console/Kernel.php(133): Illuminate\\Console\\Application->run()
#27 /mnt/c/Users/narin/Documents/parallel-project/laravel/artisan(37): Illuminate\\Foundation\\Console\\Kernel->handle()
#28 {main}
"} 
[2020-04-30 15:35:53] local.ERROR: Argument 1 passed to Jenssegers\Mongodb\Query\Builder::__construct() must be an instance of Jenssegers\Mongodb\Connection, instance of Illuminate\Database\MySqlConnection given, called in /mnt/c/Users/narin/Documents/parallel-project/laravel/vendor/jenssegers/mongodb/src/Jenssegers/Mongodb/Eloquent/Model.php on line 421 {"exception":"[object] (Symfony\\Component\\Debug\\Exception\\FatalThrowableError(code: 0): Argument 1 passed to Jenssegers\\Mongodb\\Query\\Builder::__construct() must be an instance of Jenssegers\\Mongodb\\Connection, instance of Illuminate\\Database\\MySqlConnection given, called in /mnt/c/Users/narin/Documents/parallel-project/laravel/vendor/jenssegers/mongodb/src/Jenssegers/Mongodb/Eloquent/Model.php on line 421 at /mnt/c/Users/narin/Documents/parallel-project/laravel/vendor/jenssegers/mongodb/src/Jenssegers/Mongodb/Query/Builder.php:133)
[stacktrace]
#0 /mnt/c/Users/narin/Documents/parallel-project/laravel/vendor/jenssegers/mongodb/src/Jenssegers/Mongodb/Eloquent/Model.php(421): Jenssegers\\Mongodb\\Query\\Builder->__construct()
#1 /mnt/c/Users/narin/Documents/parallel-project/laravel/vendor/laravel/framework/src/Illuminate/Database/Eloquent/Model.php(968): Jenssegers\\Mongodb\\Eloquent\\Model->newBaseQueryBuilder()
#2 /mnt/c/Users/narin/Documents/parallel-project/laravel/vendor/laravel/framework/src/Illuminate/Database/Eloquent/Model.php(1004): Illuminate\\Database\\Eloquent\\Model->newModelQuery()
#3 /mnt/c/Users/narin/Documents/parallel-project/laravel/vendor/laravel/framework/src/Illuminate/Database/Eloquent/Model.php(957): Illuminate\\Database\\Eloquent\\Model->newQueryWithoutScopes()
#4 /mnt/c/Users/narin/Documents/parallel-project/laravel/vendor/laravel/framework/src/Illuminate/Auth/EloquentUserProvider.php(170): Illuminate\\Database\\Eloquent\\Model->newQuery()
#5 /mnt/c/Users/narin/Documents/parallel-project/laravel/vendor/laravel/framework/src/Illuminate/Auth/EloquentUserProvider.php(117): Illuminate\\Auth\\EloquentUserProvider->newModelQuery()
#6 /mnt/c/Users/narin/Documents/parallel-project/laravel/vendor/tymon/jwt-auth/src/JWTGuard.php(124): Illuminate\\Auth\\EloquentUserProvider->retrieveByCredentials()
#7 /mnt/c/Users/narin/Documents/parallel-project/laravel/vendor/laravel/framework/src/Illuminate/Auth/AuthManager.php(297): Tymon\\JWTAuth\\JWTGuard->attempt()
#8 /mnt/c/Users/narin/Documents/parallel-project/laravel/app/Http/Controllers/AuthController.php(29): Illuminate\\Auth\\AuthManager->__call()
#9 [internal function]: App\\Http\\Controllers\\AuthController->login()
#10 /mnt/c/Users/narin/Documents/parallel-project/laravel/vendor/laravel/framework/src/Illuminate/Routing/Controller.php(54): call_user_func_array()
#11 /mnt/c/Users/narin/Documents/parallel-project/laravel/vendor/laravel/framework/src/Illuminate/Routing/ControllerDispatcher.php(45): Illuminate\\Routing\\Controller->callAction()
#12 /mnt/c/Users/narin/Documents/parallel-project/laravel/vendor/laravel/framework/src/Illuminate/Routing/Route.php(219): Illuminate\\Routing\\ControllerDispatcher->dispatch()
#13 /mnt/c/Users/narin/Documents/parallel-project/laravel/vendor/laravel/framework/src/Illuminate/Routing/Route.php(176): Illuminate\\Routing\\Route->runController()
#14 /mnt/c/Users/narin/Documents/parallel-project/laravel/vendor/laravel/framework/src/Illuminate/Routing/Router.php(680): Illuminate\\Routing\\Route->run()
#15 /mnt/c/Users/narin/Documents/parallel-project/laravel/vendor/laravel/framework/src/Illuminate/Routing/Pipeline.php(30): Illuminate\\Routing\\Router->Illuminate\\Routing\\{closure}()
#16 /mnt/c/Users/narin/Documents/parallel-project/laravel/vendor/laravel/framework/src/Illuminate/Routing/Middleware/SubstituteBindings.php(41): Illuminate\\Routing\\Pipeline->Illuminate\\Routing\\{closure}()
#17 /mnt/c/Users/narin/Documents/parallel-project/laravel/vendor/laravel/framework/src/Illuminate/Pipeline/Pipeline.php(163): Illuminate\\Routing\\Middleware\\SubstituteBindings->handle()
#18 /mnt/c/Users/narin/Documents/parallel-project/laravel/vendor/laravel/framework/src/Illuminate/Routing/Pipeline.php(53): Illuminate\\Pipeline\\Pipeline->Illuminate\\Pipeline\\{closure}()
#19 /mnt/c/Users/narin/Documents/parallel-project/laravel/vendor/laravel/framework/src/Illuminate/Routing/Middleware/ThrottleRequests.php(58): Illuminate\\Routing\\Pipeline->Illuminate\\Routing\\{closure}()
#20 /mnt/c/Users/narin/Documents/parallel-project/laravel/vendor/laravel/framework/src/Illuminate/Pipeline/Pipeline.php(163): Illuminate\\Routing\\Middleware\\ThrottleRequests->handle()
#21 /mnt/c/Users/narin/Documents/parallel-project/laravel/vendor/laravel/framework/src/Illuminate/Routing/Pipeline.php(53): Illuminate\\Pipeline\\Pipeline->Illuminate\\Pipeline\\{closure}()
#22 /mnt/c/Users/narin/Documents/parallel-project/laravel/vendor/laravel/framework/src/Illuminate/Pipeline/Pipeline.php(104): Illuminate\\Routing\\Pipeline->Illuminate\\Routing\\{closure}()
#23 /mnt/c/Users/narin/Documents/parallel-project/laravel/vendor/laravel/framework/src/Illuminate/Routing/Router.php(682): Illuminate\\Pipeline\\Pipeline->then()
#24 /mnt/c/Users/narin/Documents/parallel-project/laravel/vendor/laravel/framework/src/Illuminate/Routing/Router.php(657): Illuminate\\Routing\\Router->runRouteWithinStack()
#25 /mnt/c/Users/narin/Documents/parallel-project/laravel/vendor/laravel/framework/src/Illuminate/Routing/Router.php(623): Illuminate\\Routing\\Router->runRoute()
#26 /mnt/c/Users/narin/Documents/parallel-project/laravel/vendor/laravel/framework/src/Illuminate/Routing/Router.php(612): Illuminate\\Routing\\Router->dispatchToRoute()
#27 /mnt/c/Users/narin/Documents/parallel-project/laravel/vendor/laravel/framework/src/Illuminate/Foundation/Http/Kernel.php(176): Illuminate\\Routing\\Router->dispatch()
#28 /mnt/c/Users/narin/Documents/parallel-project/laravel/vendor/laravel/framework/src/Illuminate/Routing/Pipeline.php(30): Illuminate\\Foundation\\Http\\Kernel->Illuminate\\Foundation\\Http\\{closure}()
#29 /mnt/c/Users/narin/Documents/parallel-project/laravel/vendor/laravel/framework/src/Illuminate/Foundation/Http/Middleware/TransformsRequest.php(21): Illuminate\\Routing\\Pipeline->Illuminate\\Routing\\{closure}()
#30 /mnt/c/Users/narin/Documents/parallel-project/laravel/vendor/laravel/framework/src/Illuminate/Pipeline/Pipeline.php(163): Illuminate\\Foundation\\Http\\Middleware\\TransformsRequest->handle()
#31 /mnt/c/Users/narin/Documents/parallel-project/laravel/vendor/laravel/framework/src/Illuminate/Routing/Pipeline.php(53): Illuminate\\Pipeline\\Pipeline->Illuminate\\Pipeline\\{closure}()
#32 /mnt/c/Users/narin/Documents/parallel-project/laravel/vendor/laravel/framework/src/Illuminate/Foundation/Http/Middleware/TransformsRequest.php(21): Illuminate\\Routing\\Pipeline->Illuminate\\Routing\\{closure}()
#33 /mnt/c/Users/narin/Documents/parallel-project/laravel/vendor/laravel/framework/src/Illuminate/Pipeline/Pipeline.php(163): Illuminate\\Foundation\\Http\\Middleware\\TransformsRequest->handle()
#34 /mnt/c/Users/narin/Documents/parallel-project/laravel/vendor/laravel/framework/src/Illuminate/Routing/Pipeline.php(53): Illuminate\\Pipeline\\Pipeline->Illuminate\\Pipeline\\{closure}()
#35 /mnt/c/Users/narin/Documents/parallel-project/laravel/vendor/laravel/framework/src/Illuminate/Foundation/Http/Middleware/ValidatePostSize.php(27): Illuminate\\Routing\\Pipeline->Illuminate\\Routing\\{closure}()
#36 /mnt/c/Users/narin/Documents/parallel-project/laravel/vendor/laravel/framework/src/Illuminate/Pipeline/Pipeline.php(163): Illuminate\\Foundation\\Http\\Middleware\\ValidatePostSize->handle()
#37 /mnt/c/Users/narin/Documents/parallel-project/laravel/vendor/laravel/framework/src/Illuminate/Routing/Pipeline.php(53): Illuminate\\Pipeline\\Pipeline->Illuminate\\Pipeline\\{closure}()
#38 /mnt/c/Users/narin/Documents/parallel-project/laravel/vendor/laravel/framework/src/Illuminate/Foundation/Http/Middleware/CheckForMaintenanceMode.php(62): Illuminate\\Routing\\Pipeline->Illuminate\\Routing\\{closure}()
#39 /mnt/c/Users/narin/Documents/parallel-project/laravel/vendor/laravel/framework/src/Illuminate/Pipeline/Pipeline.php(163): Illuminate\\Foundation\\Http\\Middleware\\CheckForMaintenanceMode->handle()
#40 /mnt/c/Users/narin/Documents/parallel-project/laravel/vendor/laravel/framework/src/Illuminate/Routing/Pipeline.php(53): Illuminate\\Pipeline\\Pipeline->Illuminate\\Pipeline\\{closure}()
#41 /mnt/c/Users/narin/Documents/parallel-project/laravel/vendor/fideloper/proxy/src/TrustProxies.php(57): Illuminate\\Routing\\Pipeline->Illuminate\\Routing\\{closure}()
#42 /mnt/c/Users/narin/Documents/parallel-project/laravel/vendor/laravel/framework/src/Illuminate/Pipeline/Pipeline.php(163): Fideloper\\Proxy\\TrustProxies->handle()
#43 /mnt/c/Users/narin/Documents/parallel-project/laravel/vendor/laravel/framework/src/Illuminate/Routing/Pipeline.php(53): Illuminate\\Pipeline\\Pipeline->Illuminate\\Pipeline\\{closure}()
#44 /mnt/c/Users/narin/Documents/parallel-project/laravel/vendor/laravel/framework/src/Illuminate/Pipeline/Pipeline.php(104): Illuminate\\Routing\\Pipeline->Illuminate\\Routing\\{closure}()
#45 /mnt/c/Users/narin/Documents/parallel-project/laravel/vendor/laravel/framework/src/Illuminate/Foundation/Http/Kernel.php(151): Illuminate\\Pipeline\\Pipeline->then()
#46 /mnt/c/Users/narin/Documents/parallel-project/laravel/vendor/laravel/framework/src/Illuminate/Foundation/Http/Kernel.php(116): Illuminate\\Foundation\\Http\\Kernel->sendRequestThroughRouter()
#47 /mnt/c/Users/narin/Documents/parallel-project/laravel/public/index.php(55): Illuminate\\Foundation\\Http\\Kernel->handle()
#48 /mnt/c/Users/narin/Documents/parallel-project/laravel/server.php(21): require_once('/mnt/c/Users/na...')
#49 {main}
"} 
[2020-04-30 15:37:08] local.ERROR: Argument 1 passed to Jenssegers\Mongodb\Query\Builder::__construct() must be an instance of Jenssegers\Mongodb\Connection, instance of Illuminate\Database\MySqlConnection given, called in /mnt/c/Users/narin/Documents/parallel-project/laravel/vendor/jenssegers/mongodb/src/Jenssegers/Mongodb/Eloquent/Model.php on line 421 {"exception":"[object] (Symfony\\Component\\Debug\\Exception\\FatalThrowableError(code: 0): Argument 1 passed to Jenssegers\\Mongodb\\Query\\Builder::__construct() must be an instance of Jenssegers\\Mongodb\\Connection, instance of Illuminate\\Database\\MySqlConnection given, called in /mnt/c/Users/narin/Documents/parallel-project/laravel/vendor/jenssegers/mongodb/src/Jenssegers/Mongodb/Eloquent/Model.php on line 421 at /mnt/c/Users/narin/Documents/parallel-project/laravel/vendor/jenssegers/mongodb/src/Jenssegers/Mongodb/Query/Builder.php:133)
[stacktrace]
#0 /mnt/c/Users/narin/Documents/parallel-project/laravel/vendor/jenssegers/mongodb/src/Jenssegers/Mongodb/Eloquent/Model.php(421): Jenssegers\\Mongodb\\Query\\Builder->__construct()
#1 /mnt/c/Users/narin/Documents/parallel-project/laravel/vendor/laravel/framework/src/Illuminate/Database/Eloquent/Model.php(968): Jenssegers\\Mongodb\\Eloquent\\Model->newBaseQueryBuilder()
#2 /mnt/c/Users/narin/Documents/parallel-project/laravel/vendor/laravel/framework/src/Illuminate/Database/Eloquent/Model.php(1004): Illuminate\\Database\\Eloquent\\Model->newModelQuery()
#3 /mnt/c/Users/narin/Documents/parallel-project/laravel/vendor/laravel/framework/src/Illuminate/Database/Eloquent/Model.php(957): Illuminate\\Database\\Eloquent\\Model->newQueryWithoutScopes()
#4 /mnt/c/Users/narin/Documents/parallel-project/laravel/vendor/laravel/framework/src/Illuminate/Auth/EloquentUserProvider.php(170): Illuminate\\Database\\Eloquent\\Model->newQuery()
#5 /mnt/c/Users/narin/Documents/parallel-project/laravel/vendor/laravel/framework/src/Illuminate/Auth/EloquentUserProvider.php(117): Illuminate\\Auth\\EloquentUserProvider->newModelQuery()
#6 /mnt/c/Users/narin/Documents/parallel-project/laravel/vendor/tymon/jwt-auth/src/JWTGuard.php(124): Illuminate\\Auth\\EloquentUserProvider->retrieveByCredentials()
#7 /mnt/c/Users/narin/Documents/parallel-project/laravel/vendor/laravel/framework/src/Illuminate/Auth/AuthManager.php(297): Tymon\\JWTAuth\\JWTGuard->attempt()
#8 /mnt/c/Users/narin/Documents/parallel-project/laravel/app/Http/Controllers/AuthController.php(29): Illuminate\\Auth\\AuthManager->__call()
#9 [internal function]: App\\Http\\Controllers\\AuthController->login()
#10 /mnt/c/Users/narin/Documents/parallel-project/laravel/vendor/laravel/framework/src/Illuminate/Routing/Controller.php(54): call_user_func_array()
#11 /mnt/c/Users/narin/Documents/parallel-project/laravel/vendor/laravel/framework/src/Illuminate/Routing/ControllerDispatcher.php(45): Illuminate\\Routing\\Controller->callAction()
#12 /mnt/c/Users/narin/Documents/parallel-project/laravel/vendor/laravel/framework/src/Illuminate/Routing/Route.php(219): Illuminate\\Routing\\ControllerDispatcher->dispatch()
#13 /mnt/c/Users/narin/Documents/parallel-project/laravel/vendor/laravel/framework/src/Illuminate/Routing/Route.php(176): Illuminate\\Routing\\Route->runController()
#14 /mnt/c/Users/narin/Documents/parallel-project/laravel/vendor/laravel/framework/src/Illuminate/Routing/Router.php(680): Illuminate\\Routing\\Route->run()
#15 /mnt/c/Users/narin/Documents/parallel-project/laravel/vendor/laravel/framework/src/Illuminate/Routing/Pipeline.php(30): Illuminate\\Routing\\Router->Illuminate\\Routing\\{closure}()
#16 /mnt/c/Users/narin/Documents/parallel-project/laravel/vendor/laravel/framework/src/Illuminate/Routing/Middleware/SubstituteBindings.php(41): Illuminate\\Routing\\Pipeline->Illuminate\\Routing\\{closure}()
#17 /mnt/c/Users/narin/Documents/parallel-project/laravel/vendor/laravel/framework/src/Illuminate/Pipeline/Pipeline.php(163): Illuminate\\Routing\\Middleware\\SubstituteBindings->handle()
#18 /mnt/c/Users/narin/Documents/parallel-project/laravel/vendor/laravel/framework/src/Illuminate/Routing/Pipeline.php(53): Illuminate\\Pipeline\\Pipeline->Illuminate\\Pipeline\\{closure}()
#19 /mnt/c/Users/narin/Documents/parallel-project/laravel/vendor/laravel/framework/src/Illuminate/Routing/Middleware/ThrottleRequests.php(58): Illuminate\\Routing\\Pipeline->Illuminate\\Routing\\{closure}()
#20 /mnt/c/Users/narin/Documents/parallel-project/laravel/vendor/laravel/framework/src/Illuminate/Pipeline/Pipeline.php(163): Illuminate\\Routing\\Middleware\\ThrottleRequests->handle()
#21 /mnt/c/Users/narin/Documents/parallel-project/laravel/vendor/laravel/framework/src/Illuminate/Routing/Pipeline.php(53): Illuminate\\Pipeline\\Pipeline->Illuminate\\Pipeline\\{closure}()
#22 /mnt/c/Users/narin/Documents/parallel-project/laravel/vendor/laravel/framework/src/Illuminate/Pipeline/Pipeline.php(104): Illuminate\\Routing\\Pipeline->Illuminate\\Routing\\{closure}()
#23 /mnt/c/Users/narin/Documents/parallel-project/laravel/vendor/laravel/framework/src/Illuminate/Routing/Router.php(682): Illuminate\\Pipeline\\Pipeline->then()
#24 /mnt/c/Users/narin/Documents/parallel-project/laravel/vendor/laravel/framework/src/Illuminate/Routing/Router.php(657): Illuminate\\Routing\\Router->runRouteWithinStack()
#25 /mnt/c/Users/narin/Documents/parallel-project/laravel/vendor/laravel/framework/src/Illuminate/Routing/Router.php(623): Illuminate\\Routing\\Router->runRoute()
#26 /mnt/c/Users/narin/Documents/parallel-project/laravel/vendor/laravel/framework/src/Illuminate/Routing/Router.php(612): Illuminate\\Routing\\Router->dispatchToRoute()
#27 /mnt/c/Users/narin/Documents/parallel-project/laravel/vendor/laravel/framework/src/Illuminate/Foundation/Http/Kernel.php(176): Illuminate\\Routing\\Router->dispatch()
#28 /mnt/c/Users/narin/Documents/parallel-project/laravel/vendor/laravel/framework/src/Illuminate/Routing/Pipeline.php(30): Illuminate\\Foundation\\Http\\Kernel->Illuminate\\Foundation\\Http\\{closure}()
#29 /mnt/c/Users/narin/Documents/parallel-project/laravel/vendor/laravel/framework/src/Illuminate/Foundation/Http/Middleware/TransformsRequest.php(21): Illuminate\\Routing\\Pipeline->Illuminate\\Routing\\{closure}()
#30 /mnt/c/Users/narin/Documents/parallel-project/laravel/vendor/laravel/framework/src/Illuminate/Pipeline/Pipeline.php(163): Illuminate\\Foundation\\Http\\Middleware\\TransformsRequest->handle()
#31 /mnt/c/Users/narin/Documents/parallel-project/laravel/vendor/laravel/framework/src/Illuminate/Routing/Pipeline.php(53): Illuminate\\Pipeline\\Pipeline->Illuminate\\Pipeline\\{closure}()
#32 /mnt/c/Users/narin/Documents/parallel-project/laravel/vendor/laravel/framework/src/Illuminate/Foundation/Http/Middleware/TransformsRequest.php(21): Illuminate\\Routing\\Pipeline->Illuminate\\Routing\\{closure}()
#33 /mnt/c/Users/narin/Documents/parallel-project/laravel/vendor/laravel/framework/src/Illuminate/Pipeline/Pipeline.php(163): Illuminate\\Foundation\\Http\\Middleware\\TransformsRequest->handle()
#34 /mnt/c/Users/narin/Documents/parallel-project/laravel/vendor/laravel/framework/src/Illuminate/Routing/Pipeline.php(53): Illuminate\\Pipeline\\Pipeline->Illuminate\\Pipeline\\{closure}()
#35 /mnt/c/Users/narin/Documents/parallel-project/laravel/vendor/laravel/framework/src/Illuminate/Foundation/Http/Middleware/ValidatePostSize.php(27): Illuminate\\Routing\\Pipeline->Illuminate\\Routing\\{closure}()
#36 /mnt/c/Users/narin/Documents/parallel-project/laravel/vendor/laravel/framework/src/Illuminate/Pipeline/Pipeline.php(163): Illuminate\\Foundation\\Http\\Middleware\\ValidatePostSize->handle()
#37 /mnt/c/Users/narin/Documents/parallel-project/laravel/vendor/laravel/framework/src/Illuminate/Routing/Pipeline.php(53): Illuminate\\Pipeline\\Pipeline->Illuminate\\Pipeline\\{closure}()
#38 /mnt/c/Users/narin/Documents/parallel-project/laravel/vendor/laravel/framework/src/Illuminate/Foundation/Http/Middleware/CheckForMaintenanceMode.php(62): Illuminate\\Routing\\Pipeline->Illuminate\\Routing\\{closure}()
#39 /mnt/c/Users/narin/Documents/parallel-project/laravel/vendor/laravel/framework/src/Illuminate/Pipeline/Pipeline.php(163): Illuminate\\Foundation\\Http\\Middleware\\CheckForMaintenanceMode->handle()
#40 /mnt/c/Users/narin/Documents/parallel-project/laravel/vendor/laravel/framework/src/Illuminate/Routing/Pipeline.php(53): Illuminate\\Pipeline\\Pipeline->Illuminate\\Pipeline\\{closure}()
#41 /mnt/c/Users/narin/Documents/parallel-project/laravel/vendor/fideloper/proxy/src/TrustProxies.php(57): Illuminate\\Routing\\Pipeline->Illuminate\\Routing\\{closure}()
#42 /mnt/c/Users/narin/Documents/parallel-project/laravel/vendor/laravel/framework/src/Illuminate/Pipeline/Pipeline.php(163): Fideloper\\Proxy\\TrustProxies->handle()
#43 /mnt/c/Users/narin/Documents/parallel-project/laravel/vendor/laravel/framework/src/Illuminate/Routing/Pipeline.php(53): Illuminate\\Pipeline\\Pipeline->Illuminate\\Pipeline\\{closure}()
#44 /mnt/c/Users/narin/Documents/parallel-project/laravel/vendor/laravel/framework/src/Illuminate/Pipeline/Pipeline.php(104): Illuminate\\Routing\\Pipeline->Illuminate\\Routing\\{closure}()
#45 /mnt/c/Users/narin/Documents/parallel-project/laravel/vendor/laravel/framework/src/Illuminate/Foundation/Http/Kernel.php(151): Illuminate\\Pipeline\\Pipeline->then()
#46 /mnt/c/Users/narin/Documents/parallel-project/laravel/vendor/laravel/framework/src/Illuminate/Foundation/Http/Kernel.php(116): Illuminate\\Foundation\\Http\\Kernel->sendRequestThroughRouter()
#47 /mnt/c/Users/narin/Documents/parallel-project/laravel/public/index.php(55): Illuminate\\Foundation\\Http\\Kernel->handle()
#48 /mnt/c/Users/narin/Documents/parallel-project/laravel/server.php(21): require_once('/mnt/c/Users/na...')
#49 {main}
"} 
[2020-04-30 15:38:34] local.ERROR: Argument 1 passed to Jenssegers\Mongodb\Query\Builder::__construct() must be an instance of Jenssegers\Mongodb\Connection, instance of Illuminate\Database\MySqlConnection given, called in /mnt/c/Users/narin/Documents/parallel-project/laravel/vendor/jenssegers/mongodb/src/Jenssegers/Mongodb/Eloquent/Model.php on line 421 {"exception":"[object] (Symfony\\Component\\Debug\\Exception\\FatalThrowableError(code: 0): Argument 1 passed to Jenssegers\\Mongodb\\Query\\Builder::__construct() must be an instance of Jenssegers\\Mongodb\\Connection, instance of Illuminate\\Database\\MySqlConnection given, called in /mnt/c/Users/narin/Documents/parallel-project/laravel/vendor/jenssegers/mongodb/src/Jenssegers/Mongodb/Eloquent/Model.php on line 421 at /mnt/c/Users/narin/Documents/parallel-project/laravel/vendor/jenssegers/mongodb/src/Jenssegers/Mongodb/Query/Builder.php:133)
[stacktrace]
#0 /mnt/c/Users/narin/Documents/parallel-project/laravel/vendor/jenssegers/mongodb/src/Jenssegers/Mongodb/Eloquent/Model.php(421): Jenssegers\\Mongodb\\Query\\Builder->__construct()
#1 /mnt/c/Users/narin/Documents/parallel-project/laravel/vendor/laravel/framework/src/Illuminate/Database/Eloquent/Model.php(968): Jenssegers\\Mongodb\\Eloquent\\Model->newBaseQueryBuilder()
#2 /mnt/c/Users/narin/Documents/parallel-project/laravel/vendor/laravel/framework/src/Illuminate/Database/Eloquent/Model.php(1004): Illuminate\\Database\\Eloquent\\Model->newModelQuery()
#3 /mnt/c/Users/narin/Documents/parallel-project/laravel/vendor/laravel/framework/src/Illuminate/Database/Eloquent/Model.php(957): Illuminate\\Database\\Eloquent\\Model->newQueryWithoutScopes()
#4 /mnt/c/Users/narin/Documents/parallel-project/laravel/vendor/laravel/framework/src/Illuminate/Auth/EloquentUserProvider.php(170): Illuminate\\Database\\Eloquent\\Model->newQuery()
#5 /mnt/c/Users/narin/Documents/parallel-project/laravel/vendor/laravel/framework/src/Illuminate/Auth/EloquentUserProvider.php(117): Illuminate\\Auth\\EloquentUserProvider->newModelQuery()
#6 /mnt/c/Users/narin/Documents/parallel-project/laravel/vendor/tymon/jwt-auth/src/JWTGuard.php(124): Illuminate\\Auth\\EloquentUserProvider->retrieveByCredentials()
#7 /mnt/c/Users/narin/Documents/parallel-project/laravel/vendor/laravel/framework/src/Illuminate/Auth/AuthManager.php(297): Tymon\\JWTAuth\\JWTGuard->attempt()
#8 /mnt/c/Users/narin/Documents/parallel-project/laravel/app/Http/Controllers/AuthController.php(29): Illuminate\\Auth\\AuthManager->__call()
#9 [internal function]: App\\Http\\Controllers\\AuthController->login()
#10 /mnt/c/Users/narin/Documents/parallel-project/laravel/vendor/laravel/framework/src/Illuminate/Routing/Controller.php(54): call_user_func_array()
#11 /mnt/c/Users/narin/Documents/parallel-project/laravel/vendor/laravel/framework/src/Illuminate/Routing/ControllerDispatcher.php(45): Illuminate\\Routing\\Controller->callAction()
#12 /mnt/c/Users/narin/Documents/parallel-project/laravel/vendor/laravel/framework/src/Illuminate/Routing/Route.php(219): Illuminate\\Routing\\ControllerDispatcher->dispatch()
#13 /mnt/c/Users/narin/Documents/parallel-project/laravel/vendor/laravel/framework/src/Illuminate/Routing/Route.php(176): Illuminate\\Routing\\Route->runController()
#14 /mnt/c/Users/narin/Documents/parallel-project/laravel/vendor/laravel/framework/src/Illuminate/Routing/Router.php(680): Illuminate\\Routing\\Route->run()
#15 /mnt/c/Users/narin/Documents/parallel-project/laravel/vendor/laravel/framework/src/Illuminate/Routing/Pipeline.php(30): Illuminate\\Routing\\Router->Illuminate\\Routing\\{closure}()
#16 /mnt/c/Users/narin/Documents/parallel-project/laravel/vendor/laravel/framework/src/Illuminate/Routing/Middleware/SubstituteBindings.php(41): Illuminate\\Routing\\Pipeline->Illuminate\\Routing\\{closure}()
#17 /mnt/c/Users/narin/Documents/parallel-project/laravel/vendor/laravel/framework/src/Illuminate/Pipeline/Pipeline.php(163): Illuminate\\Routing\\Middleware\\SubstituteBindings->handle()
#18 /mnt/c/Users/narin/Documents/parallel-project/laravel/vendor/laravel/framework/src/Illuminate/Routing/Pipeline.php(53): Illuminate\\Pipeline\\Pipeline->Illuminate\\Pipeline\\{closure}()
#19 /mnt/c/Users/narin/Documents/parallel-project/laravel/vendor/laravel/framework/src/Illuminate/Routing/Middleware/ThrottleRequests.php(58): Illuminate\\Routing\\Pipeline->Illuminate\\Routing\\{closure}()
#20 /mnt/c/Users/narin/Documents/parallel-project/laravel/vendor/laravel/framework/src/Illuminate/Pipeline/Pipeline.php(163): Illuminate\\Routing\\Middleware\\ThrottleRequests->handle()
#21 /mnt/c/Users/narin/Documents/parallel-project/laravel/vendor/laravel/framework/src/Illuminate/Routing/Pipeline.php(53): Illuminate\\Pipeline\\Pipeline->Illuminate\\Pipeline\\{closure}()
#22 /mnt/c/Users/narin/Documents/parallel-project/laravel/vendor/laravel/framework/src/Illuminate/Pipeline/Pipeline.php(104): Illuminate\\Routing\\Pipeline->Illuminate\\Routing\\{closure}()
#23 /mnt/c/Users/narin/Documents/parallel-project/laravel/vendor/laravel/framework/src/Illuminate/Routing/Router.php(682): Illuminate\\Pipeline\\Pipeline->then()
#24 /mnt/c/Users/narin/Documents/parallel-project/laravel/vendor/laravel/framework/src/Illuminate/Routing/Router.php(657): Illuminate\\Routing\\Router->runRouteWithinStack()
#25 /mnt/c/Users/narin/Documents/parallel-project/laravel/vendor/laravel/framework/src/Illuminate/Routing/Router.php(623): Illuminate\\Routing\\Router->runRoute()
#26 /mnt/c/Users/narin/Documents/parallel-project/laravel/vendor/laravel/framework/src/Illuminate/Routing/Router.php(612): Illuminate\\Routing\\Router->dispatchToRoute()
#27 /mnt/c/Users/narin/Documents/parallel-project/laravel/vendor/laravel/framework/src/Illuminate/Foundation/Http/Kernel.php(176): Illuminate\\Routing\\Router->dispatch()
#28 /mnt/c/Users/narin/Documents/parallel-project/laravel/vendor/laravel/framework/src/Illuminate/Routing/Pipeline.php(30): Illuminate\\Foundation\\Http\\Kernel->Illuminate\\Foundation\\Http\\{closure}()
#29 /mnt/c/Users/narin/Documents/parallel-project/laravel/vendor/laravel/framework/src/Illuminate/Foundation/Http/Middleware/TransformsRequest.php(21): Illuminate\\Routing\\Pipeline->Illuminate\\Routing\\{closure}()
#30 /mnt/c/Users/narin/Documents/parallel-project/laravel/vendor/laravel/framework/src/Illuminate/Pipeline/Pipeline.php(163): Illuminate\\Foundation\\Http\\Middleware\\TransformsRequest->handle()
#31 /mnt/c/Users/narin/Documents/parallel-project/laravel/vendor/laravel/framework/src/Illuminate/Routing/Pipeline.php(53): Illuminate\\Pipeline\\Pipeline->Illuminate\\Pipeline\\{closure}()
#32 /mnt/c/Users/narin/Documents/parallel-project/laravel/vendor/laravel/framework/src/Illuminate/Foundation/Http/Middleware/TransformsRequest.php(21): Illuminate\\Routing\\Pipeline->Illuminate\\Routing\\{closure}()
#33 /mnt/c/Users/narin/Documents/parallel-project/laravel/vendor/laravel/framework/src/Illuminate/Pipeline/Pipeline.php(163): Illuminate\\Foundation\\Http\\Middleware\\TransformsRequest->handle()
#34 /mnt/c/Users/narin/Documents/parallel-project/laravel/vendor/laravel/framework/src/Illuminate/Routing/Pipeline.php(53): Illuminate\\Pipeline\\Pipeline->Illuminate\\Pipeline\\{closure}()
#35 /mnt/c/Users/narin/Documents/parallel-project/laravel/vendor/laravel/framework/src/Illuminate/Foundation/Http/Middleware/ValidatePostSize.php(27): Illuminate\\Routing\\Pipeline->Illuminate\\Routing\\{closure}()
#36 /mnt/c/Users/narin/Documents/parallel-project/laravel/vendor/laravel/framework/src/Illuminate/Pipeline/Pipeline.php(163): Illuminate\\Foundation\\Http\\Middleware\\ValidatePostSize->handle()
#37 /mnt/c/Users/narin/Documents/parallel-project/laravel/vendor/laravel/framework/src/Illuminate/Routing/Pipeline.php(53): Illuminate\\Pipeline\\Pipeline->Illuminate\\Pipeline\\{closure}()
#38 /mnt/c/Users/narin/Documents/parallel-project/laravel/vendor/laravel/framework/src/Illuminate/Foundation/Http/Middleware/CheckForMaintenanceMode.php(62): Illuminate\\Routing\\Pipeline->Illuminate\\Routing\\{closure}()
#39 /mnt/c/Users/narin/Documents/parallel-project/laravel/vendor/laravel/framework/src/Illuminate/Pipeline/Pipeline.php(163): Illuminate\\Foundation\\Http\\Middleware\\CheckForMaintenanceMode->handle()
#40 /mnt/c/Users/narin/Documents/parallel-project/laravel/vendor/laravel/framework/src/Illuminate/Routing/Pipeline.php(53): Illuminate\\Pipeline\\Pipeline->Illuminate\\Pipeline\\{closure}()
#41 /mnt/c/Users/narin/Documents/parallel-project/laravel/vendor/fideloper/proxy/src/TrustProxies.php(57): Illuminate\\Routing\\Pipeline->Illuminate\\Routing\\{closure}()
#42 /mnt/c/Users/narin/Documents/parallel-project/laravel/vendor/laravel/framework/src/Illuminate/Pipeline/Pipeline.php(163): Fideloper\\Proxy\\TrustProxies->handle()
#43 /mnt/c/Users/narin/Documents/parallel-project/laravel/vendor/laravel/framework/src/Illuminate/Routing/Pipeline.php(53): Illuminate\\Pipeline\\Pipeline->Illuminate\\Pipeline\\{closure}()
#44 /mnt/c/Users/narin/Documents/parallel-project/laravel/vendor/laravel/framework/src/Illuminate/Pipeline/Pipeline.php(104): Illuminate\\Routing\\Pipeline->Illuminate\\Routing\\{closure}()
#45 /mnt/c/Users/narin/Documents/parallel-project/laravel/vendor/laravel/framework/src/Illuminate/Foundation/Http/Kernel.php(151): Illuminate\\Pipeline\\Pipeline->then()
#46 /mnt/c/Users/narin/Documents/parallel-project/laravel/vendor/laravel/framework/src/Illuminate/Foundation/Http/Kernel.php(116): Illuminate\\Foundation\\Http\\Kernel->sendRequestThroughRouter()
#47 /mnt/c/Users/narin/Documents/parallel-project/laravel/public/index.php(55): Illuminate\\Foundation\\Http\\Kernel->handle()
#48 /mnt/c/Users/narin/Documents/parallel-project/laravel/server.php(21): require_once('/mnt/c/Users/na...')
#49 {main}
"} 
[2020-04-30 15:38:36] local.ERROR: Argument 1 passed to Jenssegers\Mongodb\Query\Builder::__construct() must be an instance of Jenssegers\Mongodb\Connection, instance of Illuminate\Database\MySqlConnection given, called in /mnt/c/Users/narin/Documents/parallel-project/laravel/vendor/jenssegers/mongodb/src/Jenssegers/Mongodb/Eloquent/Model.php on line 421 {"exception":"[object] (Symfony\\Component\\Debug\\Exception\\FatalThrowableError(code: 0): Argument 1 passed to Jenssegers\\Mongodb\\Query\\Builder::__construct() must be an instance of Jenssegers\\Mongodb\\Connection, instance of Illuminate\\Database\\MySqlConnection given, called in /mnt/c/Users/narin/Documents/parallel-project/laravel/vendor/jenssegers/mongodb/src/Jenssegers/Mongodb/Eloquent/Model.php on line 421 at /mnt/c/Users/narin/Documents/parallel-project/laravel/vendor/jenssegers/mongodb/src/Jenssegers/Mongodb/Query/Builder.php:133)
[stacktrace]
#0 /mnt/c/Users/narin/Documents/parallel-project/laravel/vendor/jenssegers/mongodb/src/Jenssegers/Mongodb/Eloquent/Model.php(421): Jenssegers\\Mongodb\\Query\\Builder->__construct()
#1 /mnt/c/Users/narin/Documents/parallel-project/laravel/vendor/laravel/framework/src/Illuminate/Database/Eloquent/Model.php(968): Jenssegers\\Mongodb\\Eloquent\\Model->newBaseQueryBuilder()
#2 /mnt/c/Users/narin/Documents/parallel-project/laravel/vendor/laravel/framework/src/Illuminate/Database/Eloquent/Model.php(1004): Illuminate\\Database\\Eloquent\\Model->newModelQuery()
#3 /mnt/c/Users/narin/Documents/parallel-project/laravel/vendor/laravel/framework/src/Illuminate/Database/Eloquent/Model.php(957): Illuminate\\Database\\Eloquent\\Model->newQueryWithoutScopes()
#4 /mnt/c/Users/narin/Documents/parallel-project/laravel/vendor/laravel/framework/src/Illuminate/Auth/EloquentUserProvider.php(170): Illuminate\\Database\\Eloquent\\Model->newQuery()
#5 /mnt/c/Users/narin/Documents/parallel-project/laravel/vendor/laravel/framework/src/Illuminate/Auth/EloquentUserProvider.php(117): Illuminate\\Auth\\EloquentUserProvider->newModelQuery()
#6 /mnt/c/Users/narin/Documents/parallel-project/laravel/vendor/tymon/jwt-auth/src/JWTGuard.php(124): Illuminate\\Auth\\EloquentUserProvider->retrieveByCredentials()
#7 /mnt/c/Users/narin/Documents/parallel-project/laravel/vendor/laravel/framework/src/Illuminate/Auth/AuthManager.php(297): Tymon\\JWTAuth\\JWTGuard->attempt()
#8 /mnt/c/Users/narin/Documents/parallel-project/laravel/app/Http/Controllers/AuthController.php(29): Illuminate\\Auth\\AuthManager->__call()
#9 [internal function]: App\\Http\\Controllers\\AuthController->login()
#10 /mnt/c/Users/narin/Documents/parallel-project/laravel/vendor/laravel/framework/src/Illuminate/Routing/Controller.php(54): call_user_func_array()
#11 /mnt/c/Users/narin/Documents/parallel-project/laravel/vendor/laravel/framework/src/Illuminate/Routing/ControllerDispatcher.php(45): Illuminate\\Routing\\Controller->callAction()
#12 /mnt/c/Users/narin/Documents/parallel-project/laravel/vendor/laravel/framework/src/Illuminate/Routing/Route.php(219): Illuminate\\Routing\\ControllerDispatcher->dispatch()
#13 /mnt/c/Users/narin/Documents/parallel-project/laravel/vendor/laravel/framework/src/Illuminate/Routing/Route.php(176): Illuminate\\Routing\\Route->runController()
#14 /mnt/c/Users/narin/Documents/parallel-project/laravel/vendor/laravel/framework/src/Illuminate/Routing/Router.php(680): Illuminate\\Routing\\Route->run()
#15 /mnt/c/Users/narin/Documents/parallel-project/laravel/vendor/laravel/framework/src/Illuminate/Routing/Pipeline.php(30): Illuminate\\Routing\\Router->Illuminate\\Routing\\{closure}()
#16 /mnt/c/Users/narin/Documents/parallel-project/laravel/vendor/laravel/framework/src/Illuminate/Routing/Middleware/SubstituteBindings.php(41): Illuminate\\Routing\\Pipeline->Illuminate\\Routing\\{closure}()
#17 /mnt/c/Users/narin/Documents/parallel-project/laravel/vendor/laravel/framework/src/Illuminate/Pipeline/Pipeline.php(163): Illuminate\\Routing\\Middleware\\SubstituteBindings->handle()
#18 /mnt/c/Users/narin/Documents/parallel-project/laravel/vendor/laravel/framework/src/Illuminate/Routing/Pipeline.php(53): Illuminate\\Pipeline\\Pipeline->Illuminate\\Pipeline\\{closure}()
#19 /mnt/c/Users/narin/Documents/parallel-project/laravel/vendor/laravel/framework/src/Illuminate/Routing/Middleware/ThrottleRequests.php(58): Illuminate\\Routing\\Pipeline->Illuminate\\Routing\\{closure}()
#20 /mnt/c/Users/narin/Documents/parallel-project/laravel/vendor/laravel/framework/src/Illuminate/Pipeline/Pipeline.php(163): Illuminate\\Routing\\Middleware\\ThrottleRequests->handle()
#21 /mnt/c/Users/narin/Documents/parallel-project/laravel/vendor/laravel/framework/src/Illuminate/Routing/Pipeline.php(53): Illuminate\\Pipeline\\Pipeline->Illuminate\\Pipeline\\{closure}()
#22 /mnt/c/Users/narin/Documents/parallel-project/laravel/vendor/laravel/framework/src/Illuminate/Pipeline/Pipeline.php(104): Illuminate\\Routing\\Pipeline->Illuminate\\Routing\\{closure}()
#23 /mnt/c/Users/narin/Documents/parallel-project/laravel/vendor/laravel/framework/src/Illuminate/Routing/Router.php(682): Illuminate\\Pipeline\\Pipeline->then()
#24 /mnt/c/Users/narin/Documents/parallel-project/laravel/vendor/laravel/framework/src/Illuminate/Routing/Router.php(657): Illuminate\\Routing\\Router->runRouteWithinStack()
#25 /mnt/c/Users/narin/Documents/parallel-project/laravel/vendor/laravel/framework/src/Illuminate/Routing/Router.php(623): Illuminate\\Routing\\Router->runRoute()
#26 /mnt/c/Users/narin/Documents/parallel-project/laravel/vendor/laravel/framework/src/Illuminate/Routing/Router.php(612): Illuminate\\Routing\\Router->dispatchToRoute()
#27 /mnt/c/Users/narin/Documents/parallel-project/laravel/vendor/laravel/framework/src/Illuminate/Foundation/Http/Kernel.php(176): Illuminate\\Routing\\Router->dispatch()
#28 /mnt/c/Users/narin/Documents/parallel-project/laravel/vendor/laravel/framework/src/Illuminate/Routing/Pipeline.php(30): Illuminate\\Foundation\\Http\\Kernel->Illuminate\\Foundation\\Http\\{closure}()
#29 /mnt/c/Users/narin/Documents/parallel-project/laravel/vendor/laravel/framework/src/Illuminate/Foundation/Http/Middleware/TransformsRequest.php(21): Illuminate\\Routing\\Pipeline->Illuminate\\Routing\\{closure}()
#30 /mnt/c/Users/narin/Documents/parallel-project/laravel/vendor/laravel/framework/src/Illuminate/Pipeline/Pipeline.php(163): Illuminate\\Foundation\\Http\\Middleware\\TransformsRequest->handle()
#31 /mnt/c/Users/narin/Documents/parallel-project/laravel/vendor/laravel/framework/src/Illuminate/Routing/Pipeline.php(53): Illuminate\\Pipeline\\Pipeline->Illuminate\\Pipeline\\{closure}()
#32 /mnt/c/Users/narin/Documents/parallel-project/laravel/vendor/laravel/framework/src/Illuminate/Foundation/Http/Middleware/TransformsRequest.php(21): Illuminate\\Routing\\Pipeline->Illuminate\\Routing\\{closure}()
#33 /mnt/c/Users/narin/Documents/parallel-project/laravel/vendor/laravel/framework/src/Illuminate/Pipeline/Pipeline.php(163): Illuminate\\Foundation\\Http\\Middleware\\TransformsRequest->handle()
#34 /mnt/c/Users/narin/Documents/parallel-project/laravel/vendor/laravel/framework/src/Illuminate/Routing/Pipeline.php(53): Illuminate\\Pipeline\\Pipeline->Illuminate\\Pipeline\\{closure}()
#35 /mnt/c/Users/narin/Documents/parallel-project/laravel/vendor/laravel/framework/src/Illuminate/Foundation/Http/Middleware/ValidatePostSize.php(27): Illuminate\\Routing\\Pipeline->Illuminate\\Routing\\{closure}()
#36 /mnt/c/Users/narin/Documents/parallel-project/laravel/vendor/laravel/framework/src/Illuminate/Pipeline/Pipeline.php(163): Illuminate\\Foundation\\Http\\Middleware\\ValidatePostSize->handle()
#37 /mnt/c/Users/narin/Documents/parallel-project/laravel/vendor/laravel/framework/src/Illuminate/Routing/Pipeline.php(53): Illuminate\\Pipeline\\Pipeline->Illuminate\\Pipeline\\{closure}()
#38 /mnt/c/Users/narin/Documents/parallel-project/laravel/vendor/laravel/framework/src/Illuminate/Foundation/Http/Middleware/CheckForMaintenanceMode.php(62): Illuminate\\Routing\\Pipeline->Illuminate\\Routing\\{closure}()
#39 /mnt/c/Users/narin/Documents/parallel-project/laravel/vendor/laravel/framework/src/Illuminate/Pipeline/Pipeline.php(163): Illuminate\\Foundation\\Http\\Middleware\\CheckForMaintenanceMode->handle()
#40 /mnt/c/Users/narin/Documents/parallel-project/laravel/vendor/laravel/framework/src/Illuminate/Routing/Pipeline.php(53): Illuminate\\Pipeline\\Pipeline->Illuminate\\Pipeline\\{closure}()
#41 /mnt/c/Users/narin/Documents/parallel-project/laravel/vendor/fideloper/proxy/src/TrustProxies.php(57): Illuminate\\Routing\\Pipeline->Illuminate\\Routing\\{closure}()
#42 /mnt/c/Users/narin/Documents/parallel-project/laravel/vendor/laravel/framework/src/Illuminate/Pipeline/Pipeline.php(163): Fideloper\\Proxy\\TrustProxies->handle()
#43 /mnt/c/Users/narin/Documents/parallel-project/laravel/vendor/laravel/framework/src/Illuminate/Routing/Pipeline.php(53): Illuminate\\Pipeline\\Pipeline->Illuminate\\Pipeline\\{closure}()
#44 /mnt/c/Users/narin/Documents/parallel-project/laravel/vendor/laravel/framework/src/Illuminate/Pipeline/Pipeline.php(104): Illuminate\\Routing\\Pipeline->Illuminate\\Routing\\{closure}()
#45 /mnt/c/Users/narin/Documents/parallel-project/laravel/vendor/laravel/framework/src/Illuminate/Foundation/Http/Kernel.php(151): Illuminate\\Pipeline\\Pipeline->then()
#46 /mnt/c/Users/narin/Documents/parallel-project/laravel/vendor/laravel/framework/src/Illuminate/Foundation/Http/Kernel.php(116): Illuminate\\Foundation\\Http\\Kernel->sendRequestThroughRouter()
#47 /mnt/c/Users/narin/Documents/parallel-project/laravel/public/index.php(55): Illuminate\\Foundation\\Http\\Kernel->handle()
#48 /mnt/c/Users/narin/Documents/parallel-project/laravel/server.php(21): require_once('/mnt/c/Users/na...')
#49 {main}
"} 
[2020-04-30 15:51:22] local.ERROR: Argument 1 passed to App\Chat::getChatIdByInviteCode() must be of the type string, null given, called in /mnt/c/Users/narin/Documents/parallel-project/laravel/app/Chat.php on line 61 {"userId":"5eaaf1e948e990389c0726e3","exception":"[object] (Symfony\\Component\\Debug\\Exception\\FatalThrowableError(code: 0): Argument 1 passed to App\\Chat::getChatIdByInviteCode() must be of the type string, null given, called in /mnt/c/Users/narin/Documents/parallel-project/laravel/app/Chat.php on line 61 at /mnt/c/Users/narin/Documents/parallel-project/laravel/app/Chat.php:49)
[stacktrace]
#0 /mnt/c/Users/narin/Documents/parallel-project/laravel/app/Chat.php(61): App\\Chat->getChatIdByInviteCode()
#1 /mnt/c/Users/narin/Documents/parallel-project/laravel/app/Http/Controllers/ChatController.php(44): App\\Chat->addUserToChatByInviteCode()
#2 [internal function]: App\\Http\\Controllers\\ChatController->join()
#3 /mnt/c/Users/narin/Documents/parallel-project/laravel/vendor/laravel/framework/src/Illuminate/Routing/Controller.php(54): call_user_func_array()
#4 /mnt/c/Users/narin/Documents/parallel-project/laravel/vendor/laravel/framework/src/Illuminate/Routing/ControllerDispatcher.php(45): Illuminate\\Routing\\Controller->callAction()
#5 /mnt/c/Users/narin/Documents/parallel-project/laravel/vendor/laravel/framework/src/Illuminate/Routing/Route.php(219): Illuminate\\Routing\\ControllerDispatcher->dispatch()
#6 /mnt/c/Users/narin/Documents/parallel-project/laravel/vendor/laravel/framework/src/Illuminate/Routing/Route.php(176): Illuminate\\Routing\\Route->runController()
#7 /mnt/c/Users/narin/Documents/parallel-project/laravel/vendor/laravel/framework/src/Illuminate/Routing/Router.php(680): Illuminate\\Routing\\Route->run()
#8 /mnt/c/Users/narin/Documents/parallel-project/laravel/vendor/laravel/framework/src/Illuminate/Routing/Pipeline.php(30): Illuminate\\Routing\\Router->Illuminate\\Routing\\{closure}()
#9 /mnt/c/Users/narin/Documents/parallel-project/laravel/vendor/laravel/framework/src/Illuminate/Routing/Middleware/SubstituteBindings.php(41): Illuminate\\Routing\\Pipeline->Illuminate\\Routing\\{closure}()
#10 /mnt/c/Users/narin/Documents/parallel-project/laravel/vendor/laravel/framework/src/Illuminate/Pipeline/Pipeline.php(163): Illuminate\\Routing\\Middleware\\SubstituteBindings->handle()
#11 /mnt/c/Users/narin/Documents/parallel-project/laravel/vendor/laravel/framework/src/Illuminate/Routing/Pipeline.php(53): Illuminate\\Pipeline\\Pipeline->Illuminate\\Pipeline\\{closure}()
#12 /mnt/c/Users/narin/Documents/parallel-project/laravel/vendor/laravel/framework/src/Illuminate/Auth/Middleware/Authenticate.php(43): Illuminate\\Routing\\Pipeline->Illuminate\\Routing\\{closure}()
#13 /mnt/c/Users/narin/Documents/parallel-project/laravel/vendor/laravel/framework/src/Illuminate/Pipeline/Pipeline.php(163): Illuminate\\Auth\\Middleware\\Authenticate->handle()
#14 /mnt/c/Users/narin/Documents/parallel-project/laravel/vendor/laravel/framework/src/Illuminate/Routing/Pipeline.php(53): Illuminate\\Pipeline\\Pipeline->Illuminate\\Pipeline\\{closure}()
#15 /mnt/c/Users/narin/Documents/parallel-project/laravel/vendor/laravel/framework/src/Illuminate/Routing/Middleware/ThrottleRequests.php(58): Illuminate\\Routing\\Pipeline->Illuminate\\Routing\\{closure}()
#16 /mnt/c/Users/narin/Documents/parallel-project/laravel/vendor/laravel/framework/src/Illuminate/Pipeline/Pipeline.php(163): Illuminate\\Routing\\Middleware\\ThrottleRequests->handle()
#17 /mnt/c/Users/narin/Documents/parallel-project/laravel/vendor/laravel/framework/src/Illuminate/Routing/Pipeline.php(53): Illuminate\\Pipeline\\Pipeline->Illuminate\\Pipeline\\{closure}()
#18 /mnt/c/Users/narin/Documents/parallel-project/laravel/vendor/laravel/framework/src/Illuminate/Pipeline/Pipeline.php(104): Illuminate\\Routing\\Pipeline->Illuminate\\Routing\\{closure}()
#19 /mnt/c/Users/narin/Documents/parallel-project/laravel/vendor/laravel/framework/src/Illuminate/Routing/Router.php(682): Illuminate\\Pipeline\\Pipeline->then()
#20 /mnt/c/Users/narin/Documents/parallel-project/laravel/vendor/laravel/framework/src/Illuminate/Routing/Router.php(657): Illuminate\\Routing\\Router->runRouteWithinStack()
#21 /mnt/c/Users/narin/Documents/parallel-project/laravel/vendor/laravel/framework/src/Illuminate/Routing/Router.php(623): Illuminate\\Routing\\Router->runRoute()
#22 /mnt/c/Users/narin/Documents/parallel-project/laravel/vendor/laravel/framework/src/Illuminate/Routing/Router.php(612): Illuminate\\Routing\\Router->dispatchToRoute()
#23 /mnt/c/Users/narin/Documents/parallel-project/laravel/vendor/laravel/framework/src/Illuminate/Foundation/Http/Kernel.php(176): Illuminate\\Routing\\Router->dispatch()
#24 /mnt/c/Users/narin/Documents/parallel-project/laravel/vendor/laravel/framework/src/Illuminate/Routing/Pipeline.php(30): Illuminate\\Foundation\\Http\\Kernel->Illuminate\\Foundation\\Http\\{closure}()
#25 /mnt/c/Users/narin/Documents/parallel-project/laravel/vendor/laravel/framework/src/Illuminate/Foundation/Http/Middleware/TransformsRequest.php(21): Illuminate\\Routing\\Pipeline->Illuminate\\Routing\\{closure}()
#26 /mnt/c/Users/narin/Documents/parallel-project/laravel/vendor/laravel/framework/src/Illuminate/Pipeline/Pipeline.php(163): Illuminate\\Foundation\\Http\\Middleware\\TransformsRequest->handle()
#27 /mnt/c/Users/narin/Documents/parallel-project/laravel/vendor/laravel/framework/src/Illuminate/Routing/Pipeline.php(53): Illuminate\\Pipeline\\Pipeline->Illuminate\\Pipeline\\{closure}()
#28 /mnt/c/Users/narin/Documents/parallel-project/laravel/vendor/laravel/framework/src/Illuminate/Foundation/Http/Middleware/TransformsRequest.php(21): Illuminate\\Routing\\Pipeline->Illuminate\\Routing\\{closure}()
#29 /mnt/c/Users/narin/Documents/parallel-project/laravel/vendor/laravel/framework/src/Illuminate/Pipeline/Pipeline.php(163): Illuminate\\Foundation\\Http\\Middleware\\TransformsRequest->handle()
#30 /mnt/c/Users/narin/Documents/parallel-project/laravel/vendor/laravel/framework/src/Illuminate/Routing/Pipeline.php(53): Illuminate\\Pipeline\\Pipeline->Illuminate\\Pipeline\\{closure}()
#31 /mnt/c/Users/narin/Documents/parallel-project/laravel/vendor/laravel/framework/src/Illuminate/Foundation/Http/Middleware/ValidatePostSize.php(27): Illuminate\\Routing\\Pipeline->Illuminate\\Routing\\{closure}()
#32 /mnt/c/Users/narin/Documents/parallel-project/laravel/vendor/laravel/framework/src/Illuminate/Pipeline/Pipeline.php(163): Illuminate\\Foundation\\Http\\Middleware\\ValidatePostSize->handle()
#33 /mnt/c/Users/narin/Documents/parallel-project/laravel/vendor/laravel/framework/src/Illuminate/Routing/Pipeline.php(53): Illuminate\\Pipeline\\Pipeline->Illuminate\\Pipeline\\{closure}()
#34 /mnt/c/Users/narin/Documents/parallel-project/laravel/vendor/laravel/framework/src/Illuminate/Foundation/Http/Middleware/CheckForMaintenanceMode.php(62): Illuminate\\Routing\\Pipeline->Illuminate\\Routing\\{closure}()
#35 /mnt/c/Users/narin/Documents/parallel-project/laravel/vendor/laravel/framework/src/Illuminate/Pipeline/Pipeline.php(163): Illuminate\\Foundation\\Http\\Middleware\\CheckForMaintenanceMode->handle()
#36 /mnt/c/Users/narin/Documents/parallel-project/laravel/vendor/laravel/framework/src/Illuminate/Routing/Pipeline.php(53): Illuminate\\Pipeline\\Pipeline->Illuminate\\Pipeline\\{closure}()
#37 /mnt/c/Users/narin/Documents/parallel-project/laravel/vendor/fideloper/proxy/src/TrustProxies.php(57): Illuminate\\Routing\\Pipeline->Illuminate\\Routing\\{closure}()
#38 /mnt/c/Users/narin/Documents/parallel-project/laravel/vendor/laravel/framework/src/Illuminate/Pipeline/Pipeline.php(163): Fideloper\\Proxy\\TrustProxies->handle()
#39 /mnt/c/Users/narin/Documents/parallel-project/laravel/vendor/laravel/framework/src/Illuminate/Routing/Pipeline.php(53): Illuminate\\Pipeline\\Pipeline->Illuminate\\Pipeline\\{closure}()
#40 /mnt/c/Users/narin/Documents/parallel-project/laravel/vendor/laravel/framework/src/Illuminate/Pipeline/Pipeline.php(104): Illuminate\\Routing\\Pipeline->Illuminate\\Routing\\{closure}()
#41 /mnt/c/Users/narin/Documents/parallel-project/laravel/vendor/laravel/framework/src/Illuminate/Foundation/Http/Kernel.php(151): Illuminate\\Pipeline\\Pipeline->then()
#42 /mnt/c/Users/narin/Documents/parallel-project/laravel/vendor/laravel/framework/src/Illuminate/Foundation/Http/Kernel.php(116): Illuminate\\Foundation\\Http\\Kernel->sendRequestThroughRouter()
#43 /mnt/c/Users/narin/Documents/parallel-project/laravel/public/index.php(55): Illuminate\\Foundation\\Http\\Kernel->handle()
#44 /mnt/c/Users/narin/Documents/parallel-project/laravel/server.php(21): require_once('/mnt/c/Users/na...')
#45 {main}
"} 
[2020-04-30 23:28:28] local.ERROR: Route [login] not defined. {"exception":"[object] (InvalidArgumentException(code: 0): Route [login] not defined. at /mnt/c/Users/narin/Documents/parallel-project/laravel/vendor/laravel/framework/src/Illuminate/Routing/UrlGenerator.php:388)
[stacktrace]
#0 /mnt/c/Users/narin/Documents/parallel-project/laravel/vendor/laravel/framework/src/Illuminate/Foundation/helpers.php(782): Illuminate\\Routing\\UrlGenerator->route()
#1 /mnt/c/Users/narin/Documents/parallel-project/laravel/app/Http/Middleware/Authenticate.php(18): route()
#2 /mnt/c/Users/narin/Documents/parallel-project/laravel/vendor/laravel/framework/src/Illuminate/Auth/Middleware/Authenticate.php(68): App\\Http\\Middleware\\Authenticate->redirectTo()
#3 /mnt/c/Users/narin/Documents/parallel-project/laravel/vendor/laravel/framework/src/Illuminate/Auth/Middleware/Authenticate.php(41): Illuminate\\Auth\\Middleware\\Authenticate->authenticate()
#4 /mnt/c/Users/narin/Documents/parallel-project/laravel/vendor/laravel/framework/src/Illuminate/Pipeline/Pipeline.php(163): Illuminate\\Auth\\Middleware\\Authenticate->handle()
#5 /mnt/c/Users/narin/Documents/parallel-project/laravel/vendor/laravel/framework/src/Illuminate/Routing/Pipeline.php(53): Illuminate\\Pipeline\\Pipeline->Illuminate\\Pipeline\\{closure}()
#6 /mnt/c/Users/narin/Documents/parallel-project/laravel/vendor/laravel/framework/src/Illuminate/Routing/Middleware/ThrottleRequests.php(58): Illuminate\\Routing\\Pipeline->Illuminate\\Routing\\{closure}()
#7 /mnt/c/Users/narin/Documents/parallel-project/laravel/vendor/laravel/framework/src/Illuminate/Pipeline/Pipeline.php(163): Illuminate\\Routing\\Middleware\\ThrottleRequests->handle()
#8 /mnt/c/Users/narin/Documents/parallel-project/laravel/vendor/laravel/framework/src/Illuminate/Routing/Pipeline.php(53): Illuminate\\Pipeline\\Pipeline->Illuminate\\Pipeline\\{closure}()
#9 /mnt/c/Users/narin/Documents/parallel-project/laravel/vendor/laravel/framework/src/Illuminate/Pipeline/Pipeline.php(104): Illuminate\\Routing\\Pipeline->Illuminate\\Routing\\{closure}()
#10 /mnt/c/Users/narin/Documents/parallel-project/laravel/vendor/laravel/framework/src/Illuminate/Routing/Router.php(682): Illuminate\\Pipeline\\Pipeline->then()
#11 /mnt/c/Users/narin/Documents/parallel-project/laravel/vendor/laravel/framework/src/Illuminate/Routing/Router.php(657): Illuminate\\Routing\\Router->runRouteWithinStack()
#12 /mnt/c/Users/narin/Documents/parallel-project/laravel/vendor/laravel/framework/src/Illuminate/Routing/Router.php(623): Illuminate\\Routing\\Router->runRoute()
#13 /mnt/c/Users/narin/Documents/parallel-project/laravel/vendor/laravel/framework/src/Illuminate/Routing/Router.php(612): Illuminate\\Routing\\Router->dispatchToRoute()
#14 /mnt/c/Users/narin/Documents/parallel-project/laravel/vendor/laravel/framework/src/Illuminate/Foundation/Http/Kernel.php(176): Illuminate\\Routing\\Router->dispatch()
#15 /mnt/c/Users/narin/Documents/parallel-project/laravel/vendor/laravel/framework/src/Illuminate/Routing/Pipeline.php(30): Illuminate\\Foundation\\Http\\Kernel->Illuminate\\Foundation\\Http\\{closure}()
#16 /mnt/c/Users/narin/Documents/parallel-project/laravel/vendor/laravel/framework/src/Illuminate/Foundation/Http/Middleware/TransformsRequest.php(21): Illuminate\\Routing\\Pipeline->Illuminate\\Routing\\{closure}()
#17 /mnt/c/Users/narin/Documents/parallel-project/laravel/vendor/laravel/framework/src/Illuminate/Pipeline/Pipeline.php(163): Illuminate\\Foundation\\Http\\Middleware\\TransformsRequest->handle()
#18 /mnt/c/Users/narin/Documents/parallel-project/laravel/vendor/laravel/framework/src/Illuminate/Routing/Pipeline.php(53): Illuminate\\Pipeline\\Pipeline->Illuminate\\Pipeline\\{closure}()
#19 /mnt/c/Users/narin/Documents/parallel-project/laravel/vendor/laravel/framework/src/Illuminate/Foundation/Http/Middleware/TransformsRequest.php(21): Illuminate\\Routing\\Pipeline->Illuminate\\Routing\\{closure}()
#20 /mnt/c/Users/narin/Documents/parallel-project/laravel/vendor/laravel/framework/src/Illuminate/Pipeline/Pipeline.php(163): Illuminate\\Foundation\\Http\\Middleware\\TransformsRequest->handle()
#21 /mnt/c/Users/narin/Documents/parallel-project/laravel/vendor/laravel/framework/src/Illuminate/Routing/Pipeline.php(53): Illuminate\\Pipeline\\Pipeline->Illuminate\\Pipeline\\{closure}()
#22 /mnt/c/Users/narin/Documents/parallel-project/laravel/vendor/laravel/framework/src/Illuminate/Foundation/Http/Middleware/ValidatePostSize.php(27): Illuminate\\Routing\\Pipeline->Illuminate\\Routing\\{closure}()
#23 /mnt/c/Users/narin/Documents/parallel-project/laravel/vendor/laravel/framework/src/Illuminate/Pipeline/Pipeline.php(163): Illuminate\\Foundation\\Http\\Middleware\\ValidatePostSize->handle()
#24 /mnt/c/Users/narin/Documents/parallel-project/laravel/vendor/laravel/framework/src/Illuminate/Routing/Pipeline.php(53): Illuminate\\Pipeline\\Pipeline->Illuminate\\Pipeline\\{closure}()
#25 /mnt/c/Users/narin/Documents/parallel-project/laravel/vendor/laravel/framework/src/Illuminate/Foundation/Http/Middleware/CheckForMaintenanceMode.php(62): Illuminate\\Routing\\Pipeline->Illuminate\\Routing\\{closure}()
#26 /mnt/c/Users/narin/Documents/parallel-project/laravel/vendor/laravel/framework/src/Illuminate/Pipeline/Pipeline.php(163): Illuminate\\Foundation\\Http\\Middleware\\CheckForMaintenanceMode->handle()
#27 /mnt/c/Users/narin/Documents/parallel-project/laravel/vendor/laravel/framework/src/Illuminate/Routing/Pipeline.php(53): Illuminate\\Pipeline\\Pipeline->Illuminate\\Pipeline\\{closure}()
#28 /mnt/c/Users/narin/Documents/parallel-project/laravel/vendor/fideloper/proxy/src/TrustProxies.php(57): Illuminate\\Routing\\Pipeline->Illuminate\\Routing\\{closure}()
#29 /mnt/c/Users/narin/Documents/parallel-project/laravel/vendor/laravel/framework/src/Illuminate/Pipeline/Pipeline.php(163): Fideloper\\Proxy\\TrustProxies->handle()
#30 /mnt/c/Users/narin/Documents/parallel-project/laravel/vendor/laravel/framework/src/Illuminate/Routing/Pipeline.php(53): Illuminate\\Pipeline\\Pipeline->Illuminate\\Pipeline\\{closure}()
#31 /mnt/c/Users/narin/Documents/parallel-project/laravel/vendor/laravel/framework/src/Illuminate/Pipeline/Pipeline.php(104): Illuminate\\Routing\\Pipeline->Illuminate\\Routing\\{closure}()
#32 /mnt/c/Users/narin/Documents/parallel-project/laravel/vendor/laravel/framework/src/Illuminate/Foundation/Http/Kernel.php(151): Illuminate\\Pipeline\\Pipeline->then()
#33 /mnt/c/Users/narin/Documents/parallel-project/laravel/vendor/laravel/framework/src/Illuminate/Foundation/Http/Kernel.php(116): Illuminate\\Foundation\\Http\\Kernel->sendRequestThroughRouter()
#34 /mnt/c/Users/narin/Documents/parallel-project/laravel/public/index.php(55): Illuminate\\Foundation\\Http\\Kernel->handle()
#35 /mnt/c/Users/narin/Documents/parallel-project/laravel/server.php(21): require_once('/mnt/c/Users/na...')
#36 {main}
"} 
[2020-04-30 23:30:22] local.ERROR: Route [login] not defined. {"exception":"[object] (InvalidArgumentException(code: 0): Route [login] not defined. at /mnt/c/Users/narin/Documents/parallel-project/laravel/vendor/laravel/framework/src/Illuminate/Routing/UrlGenerator.php:388)
[stacktrace]
#0 /mnt/c/Users/narin/Documents/parallel-project/laravel/vendor/laravel/framework/src/Illuminate/Foundation/helpers.php(782): Illuminate\\Routing\\UrlGenerator->route()
#1 /mnt/c/Users/narin/Documents/parallel-project/laravel/app/Http/Middleware/Authenticate.php(18): route()
#2 /mnt/c/Users/narin/Documents/parallel-project/laravel/vendor/laravel/framework/src/Illuminate/Auth/Middleware/Authenticate.php(68): App\\Http\\Middleware\\Authenticate->redirectTo()
#3 /mnt/c/Users/narin/Documents/parallel-project/laravel/vendor/laravel/framework/src/Illuminate/Auth/Middleware/Authenticate.php(41): Illuminate\\Auth\\Middleware\\Authenticate->authenticate()
#4 /mnt/c/Users/narin/Documents/parallel-project/laravel/vendor/laravel/framework/src/Illuminate/Pipeline/Pipeline.php(163): Illuminate\\Auth\\Middleware\\Authenticate->handle()
#5 /mnt/c/Users/narin/Documents/parallel-project/laravel/vendor/laravel/framework/src/Illuminate/Routing/Pipeline.php(53): Illuminate\\Pipeline\\Pipeline->Illuminate\\Pipeline\\{closure}()
#6 /mnt/c/Users/narin/Documents/parallel-project/laravel/vendor/laravel/framework/src/Illuminate/Routing/Middleware/ThrottleRequests.php(58): Illuminate\\Routing\\Pipeline->Illuminate\\Routing\\{closure}()
#7 /mnt/c/Users/narin/Documents/parallel-project/laravel/vendor/laravel/framework/src/Illuminate/Pipeline/Pipeline.php(163): Illuminate\\Routing\\Middleware\\ThrottleRequests->handle()
#8 /mnt/c/Users/narin/Documents/parallel-project/laravel/vendor/laravel/framework/src/Illuminate/Routing/Pipeline.php(53): Illuminate\\Pipeline\\Pipeline->Illuminate\\Pipeline\\{closure}()
#9 /mnt/c/Users/narin/Documents/parallel-project/laravel/vendor/laravel/framework/src/Illuminate/Pipeline/Pipeline.php(104): Illuminate\\Routing\\Pipeline->Illuminate\\Routing\\{closure}()
#10 /mnt/c/Users/narin/Documents/parallel-project/laravel/vendor/laravel/framework/src/Illuminate/Routing/Router.php(682): Illuminate\\Pipeline\\Pipeline->then()
#11 /mnt/c/Users/narin/Documents/parallel-project/laravel/vendor/laravel/framework/src/Illuminate/Routing/Router.php(657): Illuminate\\Routing\\Router->runRouteWithinStack()
#12 /mnt/c/Users/narin/Documents/parallel-project/laravel/vendor/laravel/framework/src/Illuminate/Routing/Router.php(623): Illuminate\\Routing\\Router->runRoute()
#13 /mnt/c/Users/narin/Documents/parallel-project/laravel/vendor/laravel/framework/src/Illuminate/Routing/Router.php(612): Illuminate\\Routing\\Router->dispatchToRoute()
#14 /mnt/c/Users/narin/Documents/parallel-project/laravel/vendor/laravel/framework/src/Illuminate/Foundation/Http/Kernel.php(176): Illuminate\\Routing\\Router->dispatch()
#15 /mnt/c/Users/narin/Documents/parallel-project/laravel/vendor/laravel/framework/src/Illuminate/Routing/Pipeline.php(30): Illuminate\\Foundation\\Http\\Kernel->Illuminate\\Foundation\\Http\\{closure}()
#16 /mnt/c/Users/narin/Documents/parallel-project/laravel/vendor/laravel/framework/src/Illuminate/Foundation/Http/Middleware/TransformsRequest.php(21): Illuminate\\Routing\\Pipeline->Illuminate\\Routing\\{closure}()
#17 /mnt/c/Users/narin/Documents/parallel-project/laravel/vendor/laravel/framework/src/Illuminate/Pipeline/Pipeline.php(163): Illuminate\\Foundation\\Http\\Middleware\\TransformsRequest->handle()
#18 /mnt/c/Users/narin/Documents/parallel-project/laravel/vendor/laravel/framework/src/Illuminate/Routing/Pipeline.php(53): Illuminate\\Pipeline\\Pipeline->Illuminate\\Pipeline\\{closure}()
#19 /mnt/c/Users/narin/Documents/parallel-project/laravel/vendor/laravel/framework/src/Illuminate/Foundation/Http/Middleware/TransformsRequest.php(21): Illuminate\\Routing\\Pipeline->Illuminate\\Routing\\{closure}()
#20 /mnt/c/Users/narin/Documents/parallel-project/laravel/vendor/laravel/framework/src/Illuminate/Pipeline/Pipeline.php(163): Illuminate\\Foundation\\Http\\Middleware\\TransformsRequest->handle()
#21 /mnt/c/Users/narin/Documents/parallel-project/laravel/vendor/laravel/framework/src/Illuminate/Routing/Pipeline.php(53): Illuminate\\Pipeline\\Pipeline->Illuminate\\Pipeline\\{closure}()
#22 /mnt/c/Users/narin/Documents/parallel-project/laravel/vendor/laravel/framework/src/Illuminate/Foundation/Http/Middleware/ValidatePostSize.php(27): Illuminate\\Routing\\Pipeline->Illuminate\\Routing\\{closure}()
#23 /mnt/c/Users/narin/Documents/parallel-project/laravel/vendor/laravel/framework/src/Illuminate/Pipeline/Pipeline.php(163): Illuminate\\Foundation\\Http\\Middleware\\ValidatePostSize->handle()
#24 /mnt/c/Users/narin/Documents/parallel-project/laravel/vendor/laravel/framework/src/Illuminate/Routing/Pipeline.php(53): Illuminate\\Pipeline\\Pipeline->Illuminate\\Pipeline\\{closure}()
#25 /mnt/c/Users/narin/Documents/parallel-project/laravel/vendor/laravel/framework/src/Illuminate/Foundation/Http/Middleware/CheckForMaintenanceMode.php(62): Illuminate\\Routing\\Pipeline->Illuminate\\Routing\\{closure}()
#26 /mnt/c/Users/narin/Documents/parallel-project/laravel/vendor/laravel/framework/src/Illuminate/Pipeline/Pipeline.php(163): Illuminate\\Foundation\\Http\\Middleware\\CheckForMaintenanceMode->handle()
#27 /mnt/c/Users/narin/Documents/parallel-project/laravel/vendor/laravel/framework/src/Illuminate/Routing/Pipeline.php(53): Illuminate\\Pipeline\\Pipeline->Illuminate\\Pipeline\\{closure}()
#28 /mnt/c/Users/narin/Documents/parallel-project/laravel/vendor/fideloper/proxy/src/TrustProxies.php(57): Illuminate\\Routing\\Pipeline->Illuminate\\Routing\\{closure}()
#29 /mnt/c/Users/narin/Documents/parallel-project/laravel/vendor/laravel/framework/src/Illuminate/Pipeline/Pipeline.php(163): Fideloper\\Proxy\\TrustProxies->handle()
#30 /mnt/c/Users/narin/Documents/parallel-project/laravel/vendor/laravel/framework/src/Illuminate/Routing/Pipeline.php(53): Illuminate\\Pipeline\\Pipeline->Illuminate\\Pipeline\\{closure}()
#31 /mnt/c/Users/narin/Documents/parallel-project/laravel/vendor/laravel/framework/src/Illuminate/Pipeline/Pipeline.php(104): Illuminate\\Routing\\Pipeline->Illuminate\\Routing\\{closure}()
#32 /mnt/c/Users/narin/Documents/parallel-project/laravel/vendor/laravel/framework/src/Illuminate/Foundation/Http/Kernel.php(151): Illuminate\\Pipeline\\Pipeline->then()
#33 /mnt/c/Users/narin/Documents/parallel-project/laravel/vendor/laravel/framework/src/Illuminate/Foundation/Http/Kernel.php(116): Illuminate\\Foundation\\Http\\Kernel->sendRequestThroughRouter()
#34 /mnt/c/Users/narin/Documents/parallel-project/laravel/public/index.php(55): Illuminate\\Foundation\\Http\\Kernel->handle()
#35 /mnt/c/Users/narin/Documents/parallel-project/laravel/server.php(21): require_once('/mnt/c/Users/na...')
#36 {main}
"} 
